I, [2022-01-24T23:07:49.247537 #91634]  INFO -- default-windows-2019: -----> Creating <default-windows-2019>...
I, [2022-01-24T23:07:49.815374 #91634]  INFO -- default-windows-2019: Creating Resource Group: kitchen-default-windows-2019-20220125T050749
I, [2022-01-24T23:07:51.046104 #91634]  INFO -- default-windows-2019: Creating deployment: deploy-9e36c5a71ba51b44
I, [2022-01-24T23:07:51.050019 #91634]  INFO -- default-windows-2019: Adding WinRM configuration to provisioning profile.
I, [2022-01-24T23:08:03.169386 #91634]  INFO -- default-windows-2019: Resource Microsoft.Compute/virtualMachines 'tk-9e36c5a71ba5' provisioning status is Running
I, [2022-01-24T23:08:03.169568 #91634]  INFO -- default-windows-2019: Resource Microsoft.Resources/deployments 'pid-18d63047-6cdf-4f34-beed-62f01fc73fc2' provisioning status is Running
I, [2022-01-24T23:08:13.799671 #91634]  INFO -- default-windows-2019: Resource Microsoft.Compute/virtualMachines 'tk-9e36c5a71ba5' provisioning status is Running
I, [2022-01-24T23:08:24.299939 #91634]  INFO -- default-windows-2019: Resource Microsoft.Compute/virtualMachines 'tk-9e36c5a71ba5' provisioning status is Running
I, [2022-01-24T23:08:34.826402 #91634]  INFO -- default-windows-2019: Resource Microsoft.Compute/virtualMachines 'tk-9e36c5a71ba5' provisioning status is Running
I, [2022-01-24T23:08:45.430114 #91634]  INFO -- default-windows-2019: Resource Microsoft.Compute/virtualMachines 'tk-9e36c5a71ba5' provisioning status is Running
I, [2022-01-24T23:09:06.219000 #91634]  INFO -- default-windows-2019: Resource Template deployment reached end state of 'Succeeded'.
I, [2022-01-24T23:09:08.042766 #91634]  INFO -- default-windows-2019: IP Address is: 40.122.198.43 [kitchen-9e36c5a71ba51b44.centralus.cloudapp.azure.com]
I, [2022-01-24T23:09:08.043962 #91634]  INFO -- default-windows-2019: Finished creating <default-windows-2019> (1m18.80s).
I, [2022-01-24T23:09:08.044172 #91634]  INFO -- default-windows-2019: -----> Converging <default-windows-2019>...
I, [2022-01-24T23:09:08.044992 #91634]  INFO -- default-windows-2019: Preparing files for transfer
I, [2022-01-24T23:09:08.045135 #91634]  INFO -- default-windows-2019: Preparing salt-minion
I, [2022-01-24T23:09:08.046641 #91634]  INFO -- default-windows-2019: Preparing pillars into /srv/pillar
I, [2022-01-24T23:09:08.048031 #91634]  INFO -- default-windows-2019: Preparing state collection
I, [2022-01-24T23:09:08.048160 #91634]  INFO -- default-windows-2019: neither collection_name or formula have been set, assuming this is a pre-built collection
I, [2022-01-24T23:09:08.059047 #91634]  INFO -- default-windows-2019: Preparing state_top
I, [2022-01-24T23:10:31.551175 #91634]  INFO -- default-windows-2019: 
I, [2022-01-24T23:10:31.553947 #91634]  INFO -- default-windows-2019: 
I, [2022-01-24T23:10:31.559302 #91634]  INFO -- default-windows-2019:     Directory: C:\
I, [2022-01-24T23:10:31.562146 #91634]  INFO -- default-windows-2019: 
I, [2022-01-24T23:10:31.565326 #91634]  INFO -- default-windows-2019: 
I, [2022-01-24T23:10:31.568418 #91634]  INFO -- default-windows-2019: Mode                LastWriteTime         Length Name                                                                  
I, [2022-01-24T23:10:31.572075 #91634]  INFO -- default-windows-2019: ----                -------------         ------ ----                                                                  
I, [2022-01-24T23:10:31.575024 #91634]  INFO -- default-windows-2019: d-----        1/25/2022   5:10 AM                temp                                                                  
I, [2022-01-24T23:10:32.142316 #91634]  INFO -- default-windows-2019: Downloading Salt minion installer Salt-Minion-Latest-Py3-AMD64-Setup.exe
I, [2022-01-24T23:10:36.439175 #91634]  INFO -- default-windows-2019: Installing Salt minion
I, [2022-01-24T23:11:52.833789 #91634]  INFO -- default-windows-2019: Starting the Salt minion service
I, [2022-01-24T23:11:52.836521 #91634]  INFO -- default-windows-2019: Salt minion successfully installed
I, [2022-01-24T23:11:55.227701 #91634]  INFO -- default-windows-2019: You asked for latest and you have 3004 installed, sweet!
I, [2022-01-24T23:11:55.230516 #91634]  INFO -- default-windows-2019: 
I, [2022-01-24T23:11:55.233269 #91634]  INFO -- default-windows-2019: 
I, [2022-01-24T23:11:59.284598 #91634]  INFO -- default-windows-2019: 
I, [2022-01-24T23:11:59.287826 #91634]  INFO -- default-windows-2019: 
I, [2022-01-24T23:11:59.290367 #91634]  INFO -- default-windows-2019:     Directory: C:\Users\abdul\AppData\Local\Temp
I, [2022-01-24T23:11:59.293579 #91634]  INFO -- default-windows-2019: 
I, [2022-01-24T23:11:59.296279 #91634]  INFO -- default-windows-2019: 
I, [2022-01-24T23:11:59.298610 #91634]  INFO -- default-windows-2019: Mode                LastWriteTime         Length Name                                                                  
I, [2022-01-24T23:11:59.301229 #91634]  INFO -- default-windows-2019: ----                -------------         ------ ----                                                                  
I, [2022-01-24T23:11:59.303649 #91634]  INFO -- default-windows-2019: d-----        1/25/2022   5:11 AM                kitchen                                                               
I, [2022-01-24T23:11:59.306456 #91634]  INFO -- default-windows-2019: 
I, [2022-01-24T23:11:59.310316 #91634]  INFO -- default-windows-2019: 
I, [2022-01-24T23:11:59.404467 #91634]  INFO -- default-windows-2019: Transferring files to <default-windows-2019>
I, [2022-01-24T23:12:56.280052 #91634]  INFO -- default-windows-2019: local:
I, [2022-01-24T23:12:56.282747 #91634]  INFO -- default-windows-2019: ----------
I, [2022-01-24T23:12:56.285278 #91634]  INFO -- default-windows-2019:    ID: copy clamav.msi to minion
I, [2022-01-24T23:12:56.287849 #91634]  INFO -- default-windows-2019:     Function: file.managed
I, [2022-01-24T23:12:56.290417 #91634]  INFO -- default-windows-2019:  Name: C:\temp\clamav-0.104.2.win.x64.msi
I, [2022-01-24T23:12:56.292878 #91634]  INFO -- default-windows-2019:       Result: True
I, [2022-01-24T23:12:56.295608 #91634]  INFO -- default-windows-2019:      Comment: File C:\temp\clamav-0.104.2.win.x64.msi updated
I, [2022-01-24T23:12:56.298269 #91634]  INFO -- default-windows-2019:      Started: 05:12:48.889909
I, [2022-01-24T23:12:56.300746 #91634]  INFO -- default-windows-2019:     Duration: 609.372 ms
I, [2022-01-24T23:12:56.303051 #91634]  INFO -- default-windows-2019:      Changes:   
I, [2022-01-24T23:12:56.305323 #91634]  INFO -- default-windows-2019:        ----------
I, [2022-01-24T23:12:56.307546 #91634]  INFO -- default-windows-2019:        diff:
I, [2022-01-24T23:12:56.310165 #91634]  INFO -- default-windows-2019:            New file
I, [2022-01-24T23:12:56.312661 #91634]  INFO -- default-windows-2019: ----------
I, [2022-01-24T23:12:56.315311 #91634]  INFO -- default-windows-2019:    ID: execute clamav.msi
I, [2022-01-24T23:12:56.318389 #91634]  INFO -- default-windows-2019:     Function: cmd.run
I, [2022-01-24T23:12:56.321267 #91634]  INFO -- default-windows-2019:  Name: msiexec /i C:\temp\clamav-0.104.2.win.x64.msi ENABLED_COLLECTORS=[defaults];  rm C:\temp\clamav-0.104.2.win.x64.msi
I, [2022-01-24T23:12:56.324352 #91634]  INFO -- default-windows-2019:       Result: True
I, [2022-01-24T23:12:56.327568 #91634]  INFO -- default-windows-2019:      Comment: Command "msiexec /i C:\temp\clamav-0.104.2.win.x64.msi ENABLED_COLLECTORS=[defaults];  rm C:\temp\clamav-0.104.2.win.x64.msi" run
I, [2022-01-24T23:12:56.330320 #91634]  INFO -- default-windows-2019:      Started: 05:12:49.499281
I, [2022-01-24T23:12:56.332901 #91634]  INFO -- default-windows-2019:     Duration: 374.996 ms
I, [2022-01-24T23:12:56.335421 #91634]  INFO -- default-windows-2019:      Changes:   
I, [2022-01-24T23:12:56.341133 #91634]  INFO -- default-windows-2019:        ----------
I, [2022-01-24T23:12:56.344933 #91634]  INFO -- default-windows-2019:        pid:
I, [2022-01-24T23:12:56.347899 #91634]  INFO -- default-windows-2019:            1136
I, [2022-01-24T23:12:56.350720 #91634]  INFO -- default-windows-2019:        retcode:
I, [2022-01-24T23:12:56.353204 #91634]  INFO -- default-windows-2019:            0
I, [2022-01-24T23:12:56.355879 #91634]  INFO -- default-windows-2019:        stderr:
I, [2022-01-24T23:12:56.358878 #91634]  INFO -- default-windows-2019:        stdout:
I, [2022-01-24T23:12:56.361873 #91634]  INFO -- default-windows-2019: ----------
I, [2022-01-24T23:12:56.364447 #91634]  INFO -- default-windows-2019:    ID: copy prom_exporter.msi to minion
I, [2022-01-24T23:12:56.366868 #91634]  INFO -- default-windows-2019:     Function: file.managed
I, [2022-01-24T23:12:56.369235 #91634]  INFO -- default-windows-2019:  Name: C:\temp\windows_exporter-0.16.0-amd64.msi
I, [2022-01-24T23:12:56.371664 #91634]  INFO -- default-windows-2019:       Result: True
I, [2022-01-24T23:12:56.374356 #91634]  INFO -- default-windows-2019:      Comment: File C:\temp\windows_exporter-0.16.0-amd64.msi updated
I, [2022-01-24T23:12:56.377279 #91634]  INFO -- default-windows-2019:      Started: 05:12:49.874277
I, [2022-01-24T23:12:56.380060 #91634]  INFO -- default-windows-2019:     Duration: 484.378 ms
I, [2022-01-24T23:12:56.382470 #91634]  INFO -- default-windows-2019:      Changes:   
I, [2022-01-24T23:12:56.384892 #91634]  INFO -- default-windows-2019:        ----------
I, [2022-01-24T23:12:56.387081 #91634]  INFO -- default-windows-2019:        diff:
I, [2022-01-24T23:12:56.389304 #91634]  INFO -- default-windows-2019:            New file
I, [2022-01-24T23:12:56.392084 #91634]  INFO -- default-windows-2019: ----------
I, [2022-01-24T23:12:56.395131 #91634]  INFO -- default-windows-2019:    ID: execute prom_exporter.msi
I, [2022-01-24T23:12:56.397543 #91634]  INFO -- default-windows-2019:     Function: cmd.run
I, [2022-01-24T23:12:56.399803 #91634]  INFO -- default-windows-2019:  Name: msiexec /i C:\temp\windows_exporter-0.16.0-amd64.msi ENABLED_COLLECTORS=[defaults];
I, [2022-01-24T23:12:56.402075 #91634]  INFO -- default-windows-2019:       Result: True
I, [2022-01-24T23:12:56.404327 #91634]  INFO -- default-windows-2019:      Comment: Command "msiexec /i C:\temp\windows_exporter-0.16.0-amd64.msi ENABLED_COLLECTORS=[defaults];" run
I, [2022-01-24T23:12:56.406591 #91634]  INFO -- default-windows-2019:      Started: 05:12:50.358655
I, [2022-01-24T23:12:56.409588 #91634]  INFO -- default-windows-2019:     Duration: 5718.719 ms
I, [2022-01-24T23:12:56.412401 #91634]  INFO -- default-windows-2019:      Changes:   
I, [2022-01-24T23:12:56.415059 #91634]  INFO -- default-windows-2019:        ----------
I, [2022-01-24T23:12:56.417411 #91634]  INFO -- default-windows-2019:        pid:
I, [2022-01-24T23:12:56.419746 #91634]  INFO -- default-windows-2019:            4568
I, [2022-01-24T23:12:56.422242 #91634]  INFO -- default-windows-2019:        retcode:
I, [2022-01-24T23:12:56.424920 #91634]  INFO -- default-windows-2019:            0
I, [2022-01-24T23:12:56.427863 #91634]  INFO -- default-windows-2019:        stderr:
I, [2022-01-24T23:12:56.430286 #91634]  INFO -- default-windows-2019:        stdout:
I, [2022-01-24T23:12:56.432539 #91634]  INFO -- default-windows-2019: 
I, [2022-01-24T23:12:56.434795 #91634]  INFO -- default-windows-2019: Summary for local
I, [2022-01-24T23:12:56.437077 #91634]  INFO -- default-windows-2019: ------------
I, [2022-01-24T23:12:56.439356 #91634]  INFO -- default-windows-2019: Succeeded: 4 (changed=4)
I, [2022-01-24T23:12:56.442189 #91634]  INFO -- default-windows-2019: Failed:    0
I, [2022-01-24T23:12:56.445151 #91634]  INFO -- default-windows-2019: ------------
I, [2022-01-24T23:12:56.447546 #91634]  INFO -- default-windows-2019: Total states run:     4
I, [2022-01-24T23:12:56.449740 #91634]  INFO -- default-windows-2019: Total run time:   7.187 s
I, [2022-01-24T23:12:56.555749 #91634]  INFO -- default-windows-2019: Downloading files from <default-windows-2019>
I, [2022-01-24T23:12:56.559261 #91634]  INFO -- default-windows-2019: Finished converging <default-windows-2019> (3m48.51s).
